<component name="libraryTable">
  <library name="junit">
    <CLASSES>
      <root url="jar://$PROJECT_DIR$/lib/junit-4.11.jar!/" />
      <root url="jar://$PROJECT_DIR$/lib/assertj-core-1.6.0.jar!/" />
      <root url="jar://$PROJECT_DIR$/lib/hamcrest-core-1.3.jar!/" />
    </CLASSES>
    <JAVADOC>
      <root url="jar://$PROJECT_DIR$/lib/junit-4.11-javadoc.jar!/" />
      <root url="jar://$PROJECT_DIR$/lib/assertj-core-1.6.0-javadoc.jar!/" />
    </JAVADOC>
    <SOURCES>
      <root url="jar://$PROJECT_DIR$/lib/junit-4.11-sources.jar!/" />
      <root url="jar://$PROJECT_DIR$/lib/assertj-core-1.6.0-sources.jar!/" />
    </SOURCES>
  </library>
</component>