<component name="libraryTable">
  <library name="junit">
    <CLASSES>
      <root url="jar://$PROJECT_DIR$/lib/junit-4.11.jar!/" />
      <root url="jar://$PROJECT_DIR$/lib/hamcrest-core-1.3.jar!/" />
      <root url="jar://$PROJECT_DIR$/lib/assertj-guava-1.2.0.jar!/" />
      <root url="jar://$PROJECT_DIR$/lib/assertj-core-1.7.1.jar!/" />
    </CLASSES>
    <JAVADOC>
      <root url="jar://$PROJECT_DIR$/lib/junit-4.11-javadoc.jar!/" />
      <root url="jar://$PROJECT_DIR$/lib/assertj-guava-1.2.0-javadoc.jar!/" />
      <root url="jar://$PROJECT_DIR$/lib/assertj-core-1.7.1-javadoc.jar!/" />
    </JAVADOC>
    <SOURCES>
      <root url="jar://$PROJECT_DIR$/lib/junit-4.11-sources.jar!/" />
      <root url="jar://$PROJECT_DIR$/lib/assertj-guava-1.2.0-sources.jar!/" />
      <root url="jar://$PROJECT_DIR$/lib/assertj-core-1.7.1-sources.jar!/" />
    </SOURCES>
  </library>
</component>